<?xml version="1.0" encoding="UTF-8"?>
<!-- Generated by org.testng.reporters.JUnitXMLReporter -->
<testsuite ignored="0" hostname="DESKTOP-F45CCBM" failures="0" tests="1" name="Test-Runner-chrome" time="109.253" errors="0" timestamp="2024-02-17T16:01:22 PST">
  <testcase classname="vtiger.ContactTest.CreateContactWithOrganizationTest" name="createContactWithOrganizationTest" time="64.879"/>
</testsuite> <!-- Test-Runner-chrome -->
