<?xml version="1.0" encoding="UTF-8"?>
<!-- Generated by org.testng.reporters.JUnitXMLReporter -->
<testsuite ignored="0" hostname="DESKTOP-F45CCBM" failures="0" tests="1" name="Test-Runner-firefox" time="104.859" errors="0" timestamp="2024-02-17T16:01:18 PST">
  <testcase classname="vtiger.ContactTest.CreateContactWithOrganizationTest" name="createContactWithOrganizationTest" time="67.967"/>
</testsuite> <!-- Test-Runner-firefox -->
