<?xml version="1.0" encoding="UTF-8"?>
<!-- Generated by org.testng.reporters.JUnitReportReporter -->
<testsuite hostname="DESKTOP-F45CCBM" failures="0" tests="1" name="vtiger.ContactTest.CreateContactWithOrganizationTest" time="63.274" errors="0" timestamp="2024-02-20T12:41:46 PST" skipped="0">
  <testcase classname="vtiger.ContactTest.CreateContactWithOrganizationTest" name="createContactWithOrganizationTest" time="63.274"/>
  <system-out/>
</testsuite> <!-- vtiger.ContactTest.CreateContactWithOrganizationTest -->
