<?xml version="1.0" encoding="UTF-8"?>
<!-- Generated by org.testng.reporters.JUnitReportReporter -->
<testsuite hostname="DESKTOP-F45CCBM" failures="0" tests="5" name="vtiger.OrganizationTests.CreateMultipleOrganizationWithIndustry" time="131.055" errors="0" timestamp="2024-02-16T15:47:48 PST" skipped="0">
  <testcase classname="vtiger.OrganizationTests.CreateMultipleOrganizationWithIndustry" name="ctreatMultipleOrg" time="25.162"/>
  <system-out/>
  <testcase classname="vtiger.OrganizationTests.CreateMultipleOrganizationWithIndustry" name="ctreatMultipleOrg" time="27.336"/>
  <system-out/>
  <testcase classname="vtiger.OrganizationTests.CreateMultipleOrganizationWithIndustry" name="ctreatMultipleOrg" time="25.495"/>
  <system-out/>
  <testcase classname="vtiger.OrganizationTests.CreateMultipleOrganizationWithIndustry" name="ctreatMultipleOrg" time="23.289"/>
  <system-out/>
  <testcase classname="vtiger.OrganizationTests.CreateMultipleOrganizationWithIndustry" name="ctreatMultipleOrg" time="29.773"/>
  <system-out/>
</testsuite> <!-- vtiger.OrganizationTests.CreateMultipleOrganizationWithIndustry -->
