<?xml version="1.0" encoding="UTF-8"?>
<!-- Generated by org.testng.reporters.JUnitReportReporter -->
<testsuite hostname="DESKTOP-F45CCBM" failures="0" tests="4" name="vtigerProject.TestNgPractice" time="0.056" errors="0" timestamp="2024-02-11T10:27:25 PST" skipped="0">
  <testcase classname="vtigerProject.TestNgPractice" name="modifyCustmer" time="0.038"/>
  <system-out/>
  <testcase classname="vtigerProject.TestNgPractice" name="createCustumer" time="0.007"/>
  <system-out/>
  <testcase classname="vtigerProject.TestNgPractice" name="createCustumer" time="0.005"/>
  <system-out/>
  <testcase classname="vtigerProject.TestNgPractice" name="deleteCustmer" time="0.006"/>
  <system-out/>
</testsuite> <!-- vtigerProject.TestNgPractice -->
