<?xml version="1.0" encoding="UTF-8"?>
<!-- Generated by org.testng.reporters.JUnitReportReporter -->
<testsuite hostname="DESKTOP-F45CCBM" failures="0" tests="1" name="vtiger.OrganizationTests.CreateOrganizationWithIndustryTest" time="40.297" errors="0" timestamp="2024-02-20T12:47:57 PST" skipped="0">
  <testcase classname="vtiger.OrganizationTests.CreateOrganizationWithIndustryTest" name="createOrganizationWithIndustryTest" time="40.297"/>
  <system-out/>
</testsuite> <!-- vtiger.OrganizationTests.CreateOrganizationWithIndustryTest -->
