<?xml version="1.0" encoding="UTF-8"?>
<!-- Generated by org.testng.reporters.JUnitReportReporter -->
<testsuite hostname="DESKTOP-F45CCBM" failures="0" tests="1" name="vtigerProject.ReadDataFromCmdLine" time="0.042" errors="0" timestamp="2024-02-20T13:25:13 PST" skipped="0">
  <testcase classname="vtigerProject.ReadDataFromCmdLine" name="readData" time="0.042"/>
  <system-out/>
</testsuite> <!-- vtigerProject.ReadDataFromCmdLine -->
