<?xml version="1.0" encoding="UTF-8"?>
<!-- Generated by org.testng.reporters.JUnitReportReporter -->
<testsuite hostname="DESKTOP-F45CCBM" failures="0" tests="4" name="vtigerProject.DataProviderPractice" time="0.042" errors="0" timestamp="2024-02-11T13:28:14 PST" skipped="0">
  <testcase classname="vtigerProject.DataProviderPractice" name="addProductToCart" time="0.023"/>
  <system-out/>
  <testcase classname="vtigerProject.DataProviderPractice" name="addProductToCart" time="0.008"/>
  <system-out/>
  <testcase classname="vtigerProject.DataProviderPractice" name="addProductToCart" time="0.007"/>
  <system-out/>
  <testcase classname="vtigerProject.DataProviderPractice" name="addProductToCart" time="0.004"/>
  <system-out/>
</testsuite> <!-- vtigerProject.DataProviderPractice -->
